# JRE version: Java(TM) SE Runtime Environment (17.0.9+11) (build 17.0.9+11-LTS-201)
# Java VM: Java HotSpot(TM) 64-Bit Server VM (17.0.9+11-LTS-201, mixed mode, sharing, tiered, compressed oops, compressed class ptrs, g1 gc, windows-amd64)
GC Precious Log:
 CPUs: 8 total, 8 available
 Memory: 7883M
 Large Page Support: Disabled
 NUMA Support: Disabled
 Compressed Oops: Enabled (32-bit)
 Heap Region Size: 1M
 Heap Min Capacity: 256M
 Heap Initial Capacity: 256M
 Heap Max Capacity: 512M
 Pre-touch: Disabled
 Parallel Workers: 8
 Concurrent Workers: 2
 Concurrent Refinement Workers: 8
 Periodic GC: Disabled
Heap:
 garbage-first heap   total 262144K, used 82344K [0x00000000e0000000, 0x0000000100000000)
  region size 1024K, 45 young (46080K), 1 survivors (1024K)
 Metaspace       used 52983K, committed 53568K, reserved 393216K
  class space    used 7511K, committed 7808K, reserved 327680K
GC Heap History (18 events):
Event: 1.510 GC heap before
{Heap before GC invocations=0 (full 0):
 garbage-first heap   total 262144K, used 22528K [0x00000000e0000000, 0x0000000100000000)
  region size 1024K, 23 young (23552K), 0 survivors (0K)
 Metaspace       used 1092K, committed 1216K, reserved 393216K
  class space    used 74K, committed 128K, reserved 327680K
}
Event: 1.752 GC heap after
{Heap after GC invocations=1 (full 0):
 garbage-first heap   total 262144K, used 2567K [0x00000000e0000000, 0x0000000100000000)
  region size 1024K, 3 young (3072K), 3 survivors (3072K)
 Metaspace       used 1092K, committed 1216K, reserved 393216K
  class space    used 74K, committed 128K, reserved 327680K
}
Event: 3.960 GC heap before
{Heap before GC invocations=1 (full 0):
 garbage-first heap   total 262144K, used 38407K [0x00000000e0000000, 0x0000000100000000)
  region size 1024K, 36 young (36864K), 3 survivors (3072K)
 Metaspace       used 4399K, committed 4544K, reserved 393216K
  class space    used 549K, committed 640K, reserved 327680K
}
Event: 3.966 GC heap after
{Heap after GC invocations=2 (full 0):
 garbage-first heap   total 262144K, used 10915K [0x00000000e0000000, 0x0000000100000000)
  region size 1024K, 5 young (5120K), 5 survivors (5120K)
 Metaspace       used 4399K, committed 4544K, reserved 393216K
  class space    used 549K, committed 640K, reserved 327680K
}
Event: 5.101 GC heap before
{Heap before GC invocations=2 (full 0):
 garbage-first heap   total 262144K, used 55971K [0x00000000e0000000, 0x0000000100000000)
  region size 1024K, 47 young (48128K), 5 survivors (5120K)
 Metaspace       used 4605K, committed 4800K, reserved 393216K
  class space    used 569K, committed 640K, reserved 327680K
}
Event: 5.107 GC heap after
{Heap after GC invocations=3 (full 0):
 garbage-first heap   total 262144K, used 16263K [0x00000000e0000000, 0x0000000100000000)
  region size 1024K, 5 young (5120K), 5 survivors (5120K)
 Metaspace       used 4605K, committed 4800K, reserved 393216K
  class space    used 569K, committed 640K, reserved 327680K
}
Event: 14.963 GC heap before
{Heap before GC invocations=3 (full 0):
 garbage-first heap   total 262144K, used 127879K [0x00000000e0000000, 0x0000000100000000)
  region size 1024K, 115 young (117760K), 5 survivors (5120K)
 Metaspace       used 21213K, committed 21504K, reserved 393216K
  class space    used 3100K, committed 3264K, reserved 327680K
}
Event: 14.983 GC heap after
{Heap after GC invocations=4 (full 0):
 garbage-first heap   total 262144K, used 24017K [0x00000000e0000000, 0x0000000100000000)
  region size 1024K, 12 young (12288K), 12 survivors (12288K)
 Metaspace       used 21213K, committed 21504K, reserved 393216K
  class space    used 3100K, committed 3264K, reserved 327680K
}
Event: 25.054 GC heap before
{Heap before GC invocations=5 (full 0):
 garbage-first heap   total 262144K, used 147921K [0x00000000e0000000, 0x0000000100000000)
  region size 1024K, 130 young (133120K), 12 survivors (12288K)
 Metaspace       used 36052K, committed 36480K, reserved 393216K
  class space    used 5007K, committed 5184K, reserved 327680K
}
Event: 25.076 GC heap after
{Heap after GC invocations=6 (full 0):
 garbage-first heap   total 262144K, used 32393K [0x00000000e0000000, 0x0000000100000000)
  region size 1024K, 16 young (16384K), 16 survivors (16384K)
 Metaspace       used 36052K, committed 36480K, reserved 393216K
  class space    used 5007K, committed 5184K, reserved 327680K
}
Event: 25.242 GC heap before
{Heap before GC invocations=6 (full 0):
 garbage-first heap   total 262144K, used 32393K [0x00000000e0000000, 0x0000000100000000)
  region size 1024K, 17 young (17408K), 16 survivors (16384K)
 Metaspace       used 36156K, committed 36672K, reserved 393216K
  class space    used 5023K, committed 5248K, reserved 327680K
}
Event: 25.264 GC heap after
{Heap after GC invocations=7 (full 0):
 garbage-first heap   total 262144K, used 32803K [0x00000000e0000000, 0x0000000100000000)
  region size 1024K, 2 young (2048K), 2 survivors (2048K)
 Metaspace       used 36156K, committed 36672K, reserved 393216K
  class space    used 5023K, committed 5248K, reserved 327680K
}
Event: 25.440 GC heap before
{Heap before GC invocations=7 (full 0):
 garbage-first heap   total 262144K, used 33827K [0x00000000e0000000, 0x0000000100000000)
  region size 1024K, 4 young (4096K), 2 survivors (2048K)
 Metaspace       used 36373K, committed 36800K, reserved 393216K
  class space    used 5057K, committed 5248K, reserved 327680K
}
Event: 25.443 GC heap after
{Heap after GC invocations=8 (full 0):
 garbage-first heap   total 262144K, used 31380K [0x00000000e0000000, 0x0000000100000000)
  region size 1024K, 1 young (1024K), 1 survivors (1024K)
 Metaspace       used 36373K, committed 36800K, reserved 393216K
  class space    used 5057K, committed 5248K, reserved 327680K
}
Event: 58.100 GC heap before
{Heap before GC invocations=9 (full 0):
 garbage-first heap   total 262144K, used 188052K [0x00000000e0000000, 0x0000000100000000)
  region size 1024K, 153 young (156672K), 1 survivors (1024K)
 Metaspace       used 50178K, committed 50816K, reserved 393216K
  class space    used 7076K, committed 7360K, reserved 327680K
}
Event: 58.113 GC heap after
{Heap after GC invocations=10 (full 0):
 garbage-first heap   total 262144K, used 37786K [0x00000000e0000000, 0x0000000100000000)
  region size 1024K, 7 young (7168K), 7 survivors (7168K)
 Metaspace       used 50178K, committed 50816K, reserved 393216K
  class space    used 7076K, committed 7360K, reserved 327680K
}
Event: 58.368 GC heap before
{Heap before GC invocations=10 (full 0):
 garbage-first heap   total 262144K, used 42906K [0x00000000e0000000, 0x0000000100000000)
  region size 1024K, 12 young (12288K), 7 survivors (7168K)
 Metaspace       used 50670K, committed 51264K, reserved 393216K
  class space    used 7151K, committed 7424K, reserved 327680K
}
Event: 58.376 GC heap after
{Heap after GC invocations=11 (full 0):
 garbage-first heap   total 262144K, used 38312K [0x00000000e0000000, 0x0000000100000000)
  region size 1024K, 1 young (1024K), 1 survivors (1024K)
 Metaspace       used 50670K, committed 51264K, reserved 393216K
  class space    used 7151K, committed 7424K, reserved 327680K
}

